Using pre-set license
Built from '2022.3/staging' branch; Version is '2022.3.4f1 (35713cd46cd7) revision 3502396'; Using compiler version '192829333'; Build Type 'Release'
OS: 'Windows 10  (10.0.19045) 64bit Professional' Language: 'ko' Physical Memory: 16281 MB
BatchMode: 1, IsHumanControllingUs: 0, StartBugReporterOnCrash: 0, Is64bit: 1, IsPro: 1

COMMAND LINE ARGUMENTS:
C:\Program Files\Unity\Hub\Editor\2022.3.4f1\Editor\Unity.exe
-adb2
-batchMode
-noUpm
-name
AssetImportWorker1
-projectPath
C:/Users/admin/Documents/GitHub/ReNewworkProject/ReNetworkProject
-logFile
Logs/AssetImportWorker1.log
-srvPort
52265
Successfully changed project path to: C:/Users/admin/Documents/GitHub/ReNewworkProject/ReNetworkProject
C:/Users/admin/Documents/GitHub/ReNewworkProject/ReNetworkProject
[UnityMemory] Configuration Parameters - Can be set up in boot.config
    "memorysetup-bucket-allocator-granularity=16"
    "memorysetup-bucket-allocator-bucket-count=8"
    "memorysetup-bucket-allocator-block-size=33554432"
    "memorysetup-bucket-allocator-block-count=8"
    "memorysetup-main-allocator-block-size=16777216"
    "memorysetup-thread-allocator-block-size=16777216"
    "memorysetup-gfx-main-allocator-block-size=16777216"
    "memorysetup-gfx-thread-allocator-block-size=16777216"
    "memorysetup-cache-allocator-block-size=4194304"
    "memorysetup-typetree-allocator-block-size=2097152"
    "memorysetup-profiler-bucket-allocator-granularity=16"
    "memorysetup-profiler-bucket-allocator-bucket-count=8"
    "memorysetup-profiler-bucket-allocator-block-size=33554432"
    "memorysetup-profiler-bucket-allocator-block-count=8"
    "memorysetup-profiler-allocator-block-size=16777216"
    "memorysetup-profiler-editor-allocator-block-size=1048576"
    "memorysetup-temp-allocator-size-main=16777216"
    "memorysetup-job-temp-allocator-block-size=2097152"
    "memorysetup-job-temp-allocator-block-size-background=1048576"
    "memorysetup-job-temp-allocator-reduction-small-platforms=262144"
    "memorysetup-allocator-temp-initial-block-size-main=262144"
    "memorysetup-allocator-temp-initial-block-size-worker=262144"
    "memorysetup-temp-allocator-size-background-worker=32768"
    "memorysetup-temp-allocator-size-job-worker=262144"
    "memorysetup-temp-allocator-size-preload-manager=33554432"
    "memorysetup-temp-allocator-size-nav-mesh-worker=65536"
    "memorysetup-temp-allocator-size-audio-worker=65536"
    "memorysetup-temp-allocator-size-cloud-worker=32768"
    "memorysetup-temp-allocator-size-gi-baking-worker=262144"
    "memorysetup-temp-allocator-size-gfx=262144"
Player connection [7312] Host "[IP] 192.168.200.74 [Port] 0 [Flags] 2 [Guid] 3852535028 [EditorId] 3852535028 [Version] 1048832 [Id] WindowsEditor(7,D-09) [Debug] 1 [PackageName] WindowsEditor [ProjectName] Editor" joined multi-casting on [225.0.0.222:54997]...

Player connection [7312] Host "[IP] 192.168.200.74 [Port] 0 [Flags] 2 [Guid] 3852535028 [EditorId] 3852535028 [Version] 1048832 [Id] WindowsEditor(7,D-09) [Debug] 1 [PackageName] WindowsEditor [ProjectName] Editor" joined alternative multi-casting on [225.0.0.222:34997]...

Refreshing native plugins compatible for Editor in 4.14 ms, found 3 plugins.
Preloading 0 native plugins for Editor in 0.00 ms.
Initialize engine version: 2022.3.4f1 (35713cd46cd7)
[Subsystems] Discovering subsystems at path C:/Program Files/Unity/Hub/Editor/2022.3.4f1/Editor/Data/Resources/UnitySubsystems
[Subsystems] Discovering subsystems at path C:/Users/admin/Documents/GitHub/ReNewworkProject/ReNetworkProject/Assets
GfxDevice: creating device client; threaded=0; jobified=0
Direct3D:
    Version:  Direct3D 11.0 [level 11.1]
    Renderer: NVIDIA GeForce GTX 1660 SUPER (ID=0x21c4)
    Vendor:   NVIDIA
    VRAM:     5980 MB
    Driver:   31.0.15.3179
Initialize mono
Mono path[0] = 'C:/Program Files/Unity/Hub/Editor/2022.3.4f1/Editor/Data/Managed'
Mono path[1] = 'C:/Program Files/Unity/Hub/Editor/2022.3.4f1/Editor/Data/MonoBleedingEdge/lib/mono/unityjit-win32'
Mono config path = 'C:/Program Files/Unity/Hub/Editor/2022.3.4f1/Editor/Data/MonoBleedingEdge/etc'
Using monoOptions --debugger-agent=transport=dt_socket,embedding=1,server=y,suspend=n,address=127.0.0.1:56224
Begin MonoManager ReloadAssembly
Registering precompiled unity dll's ...
Register platform support module: C:/Program Files/Unity/Hub/Editor/2022.3.4f1/Editor/Data/PlaybackEngines/AndroidPlayer/UnityEditor.Android.Extensions.dll
Register platform support module: C:/Program Files/Unity/Hub/Editor/2022.3.4f1/Editor/Data/PlaybackEngines/WindowsStandaloneSupport/UnityEditor.WindowsStandalone.Extensions.dll
Registered in 0.004856 seconds.
- Loaded All Assemblies, in  0.271 seconds
Native extension for WindowsStandalone target not found
Native extension for Android target not found
Android Extension - Scanning For ADB Devices 142 ms
Mono: successfully reloaded assembly
- Finished resetting the current domain, in  0.399 seconds
Domain Reload Profiling: 670ms
	BeginReloadAssembly (65ms)
		ExecutionOrderSort (0ms)
		DisableScriptedObjects (0ms)
		BackupInstance (0ms)
		ReleaseScriptingObjects (0ms)
		CreateAndSetChildDomain (1ms)
	RebuildCommonClasses (31ms)
	RebuildNativeTypeToScriptingClass (10ms)
	initialDomainReloadingComplete (46ms)
	LoadAllAssembliesAndSetupDomain (118ms)
		LoadAssemblies (64ms)
		RebuildTransferFunctionScriptingTraits (0ms)
		AnalyzeDomain (116ms)
			TypeCache.Refresh (115ms)
				TypeCache.ScanAssembly (105ms)
			ScanForSourceGeneratedMonoScriptInfo (0ms)
			ResolveRequiredComponents (0ms)
	FinalizeReload (400ms)
		ReleaseScriptCaches (0ms)
		RebuildScriptCaches (0ms)
		SetupLoadedEditorAssemblies (352ms)
			LogAssemblyErrors (0ms)
			InitializePlatformSupportModulesInManaged (227ms)
			SetLoadedEditorAssemblies (3ms)
			RefreshPlugins (0ms)
			BeforeProcessingInitializeOnLoad (2ms)
			ProcessInitializeOnLoadAttributes (83ms)
			ProcessInitializeOnLoadMethodAttributes (36ms)
			AfterProcessingInitializeOnLoad (0ms)
			EditorAssembliesLoaded (0ms)
		ExecutionOrderSort2 (0ms)
		AwakeInstancesAfterBackupRestoration (0ms)
========================================================================
Worker process is ready to serve import requests
Begin MonoManager ReloadAssembly
- Loaded All Assemblies, in  0.579 seconds
Refreshing native plugins compatible for Editor in 1.50 ms, found 3 plugins.
Native extension for WindowsStandalone target not found
Native extension for Android target not found
Package Manager log level set to [2]
[Package Manager] Server::EnsureServerProcessIsRunning -- launch failed, reason: Unity was launched with the -noUpm command-line argument
[Package Manager] UpmClient::Send -- Unable to send message (not connected to UPM process).
[Package Manager] Cannot connect to Unity Package Manager local server
Mono: successfully reloaded assembly
- Finished resetting the current domain, in  0.483 seconds
Domain Reload Profiling: 1062ms
	BeginReloadAssembly (98ms)
		ExecutionOrderSort (0ms)
		DisableScriptedObjects (5ms)
		BackupInstance (0ms)
		ReleaseScriptingObjects (0ms)
		CreateAndSetChildDomain (17ms)
	RebuildCommonClasses (29ms)
	RebuildNativeTypeToScriptingClass (10ms)
	initialDomainReloadingComplete (31ms)
	LoadAllAssembliesAndSetupDomain (411ms)
		LoadAssemblies (186ms)
		RebuildTransferFunctionScriptingTraits (0ms)
		AnalyzeDomain (272ms)
			TypeCache.Refresh (256ms)
				TypeCache.ScanAssembly (243ms)
			ScanForSourceGeneratedMonoScriptInfo (13ms)
			ResolveRequiredComponents (4ms)
	FinalizeReload (483ms)
		ReleaseScriptCaches (0ms)
		RebuildScriptCaches (0ms)
		SetupLoadedEditorAssemblies (360ms)
			LogAssemblyErrors (0ms)
			InitializePlatformSupportModulesInManaged (18ms)
			SetLoadedEditorAssemblies (4ms)
			RefreshPlugins (0ms)
			BeforeProcessingInitializeOnLoad (46ms)
			ProcessInitializeOnLoadAttributes (275ms)
			ProcessInitializeOnLoadMethodAttributes (15ms)
			AfterProcessingInitializeOnLoad (3ms)
			EditorAssembliesLoaded (0ms)
		ExecutionOrderSort2 (0ms)
		AwakeInstancesAfterBackupRestoration (4ms)
Launched and connected shader compiler UnityShaderCompiler.exe after 0.02 seconds
Refreshing native plugins compatible for Editor in 1.46 ms, found 3 plugins.
Preloading 0 native plugins for Editor in 0.00 ms.
Unloading 3459 Unused Serialized files (Serialized files now loaded: 0)
Unloading 38 unused Assets / (56.7 KB). Loaded Objects now: 3927.
Memory consumption went from 128.8 MB to 128.7 MB.
Total: 2.991800 ms (FindLiveObjects: 0.256200 ms CreateObjectMapping: 0.211000 ms MarkObjects: 2.437200 ms  DeleteObjects: 0.086700 ms)

AssetImportParameters requested are different than current active one (requested -> active):
  custom:container-demuxer-ogg: 62fdf1f143b41e24485cea50d1cbac27 -> 
  custom:video-decoder-ogg-theora: a1e56fd34408186e4bbccfd4996cb3dc -> 
  custom:framework-win-MediaFoundation: 216162199b28c13a410421893ffa2e32 -> 
  custom:container-demuxer-webm: 4f35f7cbe854078d1ac9338744f61a02 -> 
  custom:container-muxer-webm: aa71ff27fc2769a1b78a27578f13a17b -> 
  custom:video-decoder-webm-vp8: 9c59270c3fd7afecdb556c50c9e8de78 -> 
  custom:AudioImporter_EditorPlatform: d09bf68614088b80899f8185d706f6e7 -> 
  custom:video-encoder-webm-vp8: eb34c28f22e8b96e1ab97ce403110664 -> 
  custom:audio-decoder-ogg-vorbis: bf7c407c2cedff20999df2af8eb42d56 -> 
  custom:audio-encoder-webm-vorbis: bf7c407c2cedff20999df2af8eb42d56 -> 
========================================================================
Received Import Request.
  Time since last request: 2548.114440 seconds.
  path: Assets/Scenes/SampleScene.unity
  artifactKey: Guid(9fc0d4010bbf28b4594072e72b8655ab) Importer(2089858483,0ecaa5967403d082aa24f35e1b516d23)
Start importing Assets/Scenes/SampleScene.unity using Guid(9fc0d4010bbf28b4594072e72b8655ab) Importer(2089858483,0ecaa5967403d082aa24f35e1b516d23)  -> (artifact id: '09da336d44b8ba29fd65d8036094e7a9') in 0.060224 seconds
Number of updated asset objects reloaded before import = 0
Number of asset objects unloaded after import = 1
========================================================================
Received Import Request.
  Time since last request: 0.000018 seconds.
  path: Assets/Material/New Material.mat
  artifactKey: Guid(bea15cf03c5a41348b99b26a62731ab3) Importer(2089858483,0ecaa5967403d082aa24f35e1b516d23)
Start importing Assets/Material/New Material.mat using Guid(bea15cf03c5a41348b99b26a62731ab3) Importer(2089858483,0ecaa5967403d082aa24f35e1b516d23)  -> (artifact id: '41269e252885088f930543a61657f920') in 0.031675 seconds
Number of updated asset objects reloaded before import = 0
Number of asset objects unloaded after import = 1
========================================================================
Received Prepare
Refreshing native plugins compatible for Editor in 1.52 ms, found 3 plugins.
Preloading 0 native plugins for Editor in 0.00 ms.
Unloading 0 Unused Serialized files (Serialized files now loaded: 0)
Unloading 1 unused Assets / (0.8 KB). Loaded Objects now: 3927.
Memory consumption went from 73.1 MB to 73.1 MB.
Total: 2.545300 ms (FindLiveObjects: 0.251000 ms CreateObjectMapping: 0.193400 ms MarkObjects: 2.087700 ms  DeleteObjects: 0.012700 ms)

Prepare: number of updated asset objects reloaded= 0
AssetImportParameters requested are different than current active one (requested -> active):
  custom:container-demuxer-ogg: 62fdf1f143b41e24485cea50d1cbac27 -> 
  custom:video-decoder-ogg-theora: a1e56fd34408186e4bbccfd4996cb3dc -> 
  custom:framework-win-MediaFoundation: 216162199b28c13a410421893ffa2e32 -> 
  custom:CustomObjectIndexerAttribute: 756ad292c208cfabdd7b50bc23989ffe -> 
  custom:container-demuxer-webm: 4f35f7cbe854078d1ac9338744f61a02 -> 
  custom:container-muxer-webm: aa71ff27fc2769a1b78a27578f13a17b -> 
  custom:video-decoder-webm-vp8: 9c59270c3fd7afecdb556c50c9e8de78 -> 
  custom:SearchIndexIgnoredProperties: e643bd26f0fe6173181afceb89e7c659 -> 
  custom:AudioImporter_EditorPlatform: d09bf68614088b80899f8185d706f6e7 -> 
  custom:video-encoder-webm-vp8: eb34c28f22e8b96e1ab97ce403110664 -> 
  custom:audio-decoder-ogg-vorbis: bf7c407c2cedff20999df2af8eb42d56 -> 
  custom:audio-encoder-webm-vorbis: bf7c407c2cedff20999df2af8eb42d56 -> 
========================================================================
Received Import Request.
  Time since last request: 245.626555 seconds.
  path: Assets/External Assets/TowerDefenseAssets/Characters/Warrior/Animations/Warrior_Idle.fbx
  artifactKey: Guid(08dcd917cbcd8df4c852987b649b643c) Importer(2089858483,0ecaa5967403d082aa24f35e1b516d23)
Start importing Assets/External Assets/TowerDefenseAssets/Characters/Warrior/Animations/Warrior_Idle.fbx using Guid(08dcd917cbcd8df4c852987b649b643c) Importer(2089858483,0ecaa5967403d082aa24f35e1b516d23)  -> (artifact id: '86b8b5d11a6429de89ae4483c1c95be3') in 0.055802 seconds
Number of updated asset objects reloaded before import = 0
Number of asset objects unloaded after import = 126
========================================================================
Received Import Request.
  Time since last request: 0.000018 seconds.
  path: Assets/External Assets/TowerDefenseAssets/Characters/Warrior/Model
  artifactKey: Guid(05169a79355e20243bcb616b8312a812) Importer(2089858483,0ecaa5967403d082aa24f35e1b516d23)
Start importing Assets/External Assets/TowerDefenseAssets/Characters/Warrior/Model using Guid(05169a79355e20243bcb616b8312a812) Importer(2089858483,0ecaa5967403d082aa24f35e1b516d23)  -> (artifact id: '97c532997b4bcc8bcefe54caa3a84706') in 0.002306 seconds
Number of updated asset objects reloaded before import = 0
Number of asset objects unloaded after import = 1
========================================================================
Received Import Request.
  Time since last request: 0.000030 seconds.
  path: Assets/External Assets/TowerDefenseAssets/Characters/Warrior/Model/Warrior_avatarMask.mask
  artifactKey: Guid(656d4e7a4c9412844ad92c97c0c1b8f0) Importer(2089858483,0ecaa5967403d082aa24f35e1b516d23)
Start importing Assets/External Assets/TowerDefenseAssets/Characters/Warrior/Model/Warrior_avatarMask.mask using Guid(656d4e7a4c9412844ad92c97c0c1b8f0) Importer(2089858483,0ecaa5967403d082aa24f35e1b516d23)  -> (artifact id: '3f5d733798d2277f791b86935eb019a1') in 0.003931 seconds
Number of updated asset objects reloaded before import = 0
Number of asset objects unloaded after import = 1
========================================================================
Received Import Request.
  Time since last request: 0.000014 seconds.
  path: Assets/External Assets/TowerDefenseAssets/Characters
  artifactKey: Guid(a685ddf4ded2ca24b9e375023bc553b2) Importer(2089858483,0ecaa5967403d082aa24f35e1b516d23)
Start importing Assets/External Assets/TowerDefenseAssets/Characters using Guid(a685ddf4ded2ca24b9e375023bc553b2) Importer(2089858483,0ecaa5967403d082aa24f35e1b516d23)  -> (artifact id: '50fc17e173d2f4036a1d102cc42efaae') in 0.001982 seconds
Number of updated asset objects reloaded before import = 0
Number of asset objects unloaded after import = 1
========================================================================
Received Import Request.
  Time since last request: 0.000015 seconds.
  path: Assets/External Assets/TowerDefenseAssets/Characters/Warrior/Animations/Controller/Basic.controller
  artifactKey: Guid(e08f1ad329907ff45a729ebb6d865d9b) Importer(2089858483,0ecaa5967403d082aa24f35e1b516d23)
Start importing Assets/External Assets/TowerDefenseAssets/Characters/Warrior/Animations/Controller/Basic.controller using Guid(e08f1ad329907ff45a729ebb6d865d9b) Importer(2089858483,0ecaa5967403d082aa24f35e1b516d23)  -> (artifact id: 'bf6eab02b767a1f01894362eff4f820e') in 0.005189 seconds
Number of updated asset objects reloaded before import = 0
Number of asset objects unloaded after import = 6
========================================================================
Received Import Request.
  Time since last request: 0.000014 seconds.
  path: Assets/External Assets/TowerDefenseAssets/Characters/Warrior/Textures/TEX_Warrior_N.tif
  artifactKey: Guid(2b6a69fd13305b34b83b9f32d76b26b9) Importer(2089858483,0ecaa5967403d082aa24f35e1b516d23)
Start importing Assets/External Assets/TowerDefenseAssets/Characters/Warrior/Textures/TEX_Warrior_N.tif using Guid(2b6a69fd13305b34b83b9f32d76b26b9) Importer(2089858483,0ecaa5967403d082aa24f35e1b516d23)  -> (artifact id: '88a7815cf8e487fb5e329fc2adcc03a4') in 0.038354 seconds
Number of updated asset objects reloaded before import = 0
Number of asset objects unloaded after import = 1
========================================================================
Received Import Request.
  Time since last request: 0.000014 seconds.
  path: Assets/External Assets/TowerDefenseAssets/Characters/Warrior/Animations/Controller/w_die.controller
  artifactKey: Guid(9b499e3eca52746469d0f67f79ce0ecf) Importer(2089858483,0ecaa5967403d082aa24f35e1b516d23)
Start importing Assets/External Assets/TowerDefenseAssets/Characters/Warrior/Animations/Controller/w_die.controller using Guid(9b499e3eca52746469d0f67f79ce0ecf) Importer(2089858483,0ecaa5967403d082aa24f35e1b516d23)  -> (artifact id: '544c195fe03400c72f6e2e1a5805af1e') in 0.003806 seconds
Number of updated asset objects reloaded before import = 0
Number of asset objects unloaded after import = 7
========================================================================
Received Import Request.
  Time since last request: 0.000020 seconds.
  path: Assets/External Assets/TowerDefenseAssets/Characters/Warrior/Textures/TEX_Warrior2_D.tif
  artifactKey: Guid(b04fb6834ee365340bd3157fc85c93ca) Importer(2089858483,0ecaa5967403d082aa24f35e1b516d23)
Start importing Assets/External Assets/TowerDefenseAssets/Characters/Warrior/Textures/TEX_Warrior2_D.tif using Guid(b04fb6834ee365340bd3157fc85c93ca) Importer(2089858483,0ecaa5967403d082aa24f35e1b516d23)  -> (artifact id: '2d7c72f53de5d5edbc8bc2448bfc0233') in 0.014861 seconds
Number of updated asset objects reloaded before import = 0
Number of asset objects unloaded after import = 1
========================================================================
Received Import Request.
  Time since last request: 0.000010 seconds.
  path: Assets/External Assets/TowerDefenseAssets/Characters/Warrior/Materials/MAT_Warrior_Red.mat
  artifactKey: Guid(f5c5dbbff2d9ef142ac545f2c20f7077) Importer(2089858483,0ecaa5967403d082aa24f35e1b516d23)
Start importing Assets/External Assets/TowerDefenseAssets/Characters/Warrior/Materials/MAT_Warrior_Red.mat using Guid(f5c5dbbff2d9ef142ac545f2c20f7077) Importer(2089858483,0ecaa5967403d082aa24f35e1b516d23)  -> (artifact id: '52eb6e1112e50040ed2705ed0dbd575b') in 0.004091 seconds
Number of updated asset objects reloaded before import = 0
Number of asset objects unloaded after import = 1
========================================================================
Received Import Request.
  Time since last request: 0.000013 seconds.
  path: Assets/External Assets/TowerDefenseAssets/Characters/Warrior/Model/MOD_Warrior_NoRig.fbx
  artifactKey: Guid(0a1f43028e41a5b40ab3bf29e42a200f) Importer(2089858483,0ecaa5967403d082aa24f35e1b516d23)
Start importing Assets/External Assets/TowerDefenseAssets/Characters/Warrior/Model/MOD_Warrior_NoRig.fbx using Guid(0a1f43028e41a5b40ab3bf29e42a200f) Importer(2089858483,0ecaa5967403d082aa24f35e1b516d23)  -> (artifact id: 'ee5cc0645b150432326d252ead828321') in 0.014182 seconds
Number of updated asset objects reloaded before import = 0
Number of asset objects unloaded after import = 14
========================================================================
Received Import Request.
  Time since last request: 0.000010 seconds.
  path: Assets/External Assets/TowerDefenseAssets/Characters/Warrior/Animations/Warrior_Run.fbx
  artifactKey: Guid(d95ff3ad3e3bb7f4fada1c33e41531f3) Importer(2089858483,0ecaa5967403d082aa24f35e1b516d23)
Start importing Assets/External Assets/TowerDefenseAssets/Characters/Warrior/Animations/Warrior_Run.fbx using Guid(d95ff3ad3e3bb7f4fada1c33e41531f3) Importer(2089858483,0ecaa5967403d082aa24f35e1b516d23)  -> (artifact id: '3ef5302c270979bd8e3accc3abd973dc') in 0.028060 seconds
Number of updated asset objects reloaded before import = 0
Number of asset objects unloaded after import = 126
========================================================================
Received Import Request.
  Time since last request: 0.000014 seconds.
  path: Assets/External Assets/TowerDefenseAssets/Characters/Warrior/Materials/MAT_Warrior_Blue.mat
  artifactKey: Guid(ede081b021db11e46bbb3bbf5a5b9b24) Importer(2089858483,0ecaa5967403d082aa24f35e1b516d23)
Start importing Assets/External Assets/TowerDefenseAssets/Characters/Warrior/Materials/MAT_Warrior_Blue.mat using Guid(ede081b021db11e46bbb3bbf5a5b9b24) Importer(2089858483,0ecaa5967403d082aa24f35e1b516d23)  -> (artifact id: '4da94885880a1b14108abd536f2a38c3') in 0.005014 seconds
Number of updated asset objects reloaded before import = 0
Number of asset objects unloaded after import = 1
========================================================================
Received Import Request.
  Time since last request: 0.000015 seconds.
  path: Assets/External Assets
  artifactKey: Guid(1174eb1a761f5184dacd13d40c65ab7c) Importer(2089858483,0ecaa5967403d082aa24f35e1b516d23)
Start importing Assets/External Assets using Guid(1174eb1a761f5184dacd13d40c65ab7c) Importer(2089858483,0ecaa5967403d082aa24f35e1b516d23)  -> (artifact id: 'b2dc1ed2e6dfc5c96f34489bf72f24fa') in 0.001854 seconds
Number of updated asset objects reloaded before import = 0
Number of asset objects unloaded after import = 1
========================================================================
Received Import Request.
  Time since last request: 0.000010 seconds.
  path: Assets/External Assets/TowerDefenseAssets/Characters/Warrior/Animations/Controller
  artifactKey: Guid(223bf98e9c588c448b1f4bed7ff5195c) Importer(2089858483,0ecaa5967403d082aa24f35e1b516d23)
Start importing Assets/External Assets/TowerDefenseAssets/Characters/Warrior/Animations/Controller using Guid(223bf98e9c588c448b1f4bed7ff5195c) Importer(2089858483,0ecaa5967403d082aa24f35e1b516d23)  -> (artifact id: '1f26c44f6cd6fb61aebfd7e1fef590e5') in 0.001562 seconds
Number of updated asset objects reloaded before import = 0
Number of asset objects unloaded after import = 1
========================================================================
Received Import Request.
  Time since last request: 0.000009 seconds.
  path: Assets/External Assets/TowerDefenseAssets
  artifactKey: Guid(5f1c4e6cc747def49b4ce1996d4d6ffc) Importer(2089858483,0ecaa5967403d082aa24f35e1b516d23)
Start importing Assets/External Assets/TowerDefenseAssets using Guid(5f1c4e6cc747def49b4ce1996d4d6ffc) Importer(2089858483,0ecaa5967403d082aa24f35e1b516d23)  -> (artifact id: '7e7634815f80b9d60c68ca404d3d6231') in 0.001947 seconds
Number of updated asset objects reloaded before import = 0
Number of asset objects unloaded after import = 1
========================================================================
Received Import Request.
  Time since last request: 0.000013 seconds.
  path: Assets/External Assets/TowerDefenseAssets/Characters/Warrior/Animations/Controller/w_run.controller
  artifactKey: Guid(a4634125816a86e4599447c0ebbbb0ed) Importer(2089858483,0ecaa5967403d082aa24f35e1b516d23)
Start importing Assets/External Assets/TowerDefenseAssets/Characters/Warrior/Animations/Controller/w_run.controller using Guid(a4634125816a86e4599447c0ebbbb0ed) Importer(2089858483,0ecaa5967403d082aa24f35e1b516d23)  -> (artifact id: '2694c25d1b9de30f1d38ff7e50b432d1') in 0.002835 seconds
Number of updated asset objects reloaded before import = 0
Number of asset objects unloaded after import = 4
========================================================================
Received Import Request.
  Time since last request: 0.000013 seconds.
  path: Assets/External Assets/TowerDefenseAssets/Characters/Warrior/Textures
  artifactKey: Guid(65b134fbbee0695409c2fa2b33daa505) Importer(2089858483,0ecaa5967403d082aa24f35e1b516d23)
Start importing Assets/External Assets/TowerDefenseAssets/Characters/Warrior/Textures using Guid(65b134fbbee0695409c2fa2b33daa505) Importer(2089858483,0ecaa5967403d082aa24f35e1b516d23)  -> (artifact id: '6a182f3323d4552e36908b02f834d770') in 0.001700 seconds
Number of updated asset objects reloaded before import = 0
Number of asset objects unloaded after import = 1
========================================================================
Received Import Request.
  Time since last request: 0.000016 seconds.
  path: Assets/External Assets/TowerDefenseAssets/Characters/Warrior/Materials
  artifactKey: Guid(96a849be2d39c87418fd1b4bb03dc866) Importer(2089858483,0ecaa5967403d082aa24f35e1b516d23)
Start importing Assets/External Assets/TowerDefenseAssets/Characters/Warrior/Materials using Guid(96a849be2d39c87418fd1b4bb03dc866) Importer(2089858483,0ecaa5967403d082aa24f35e1b516d23)  -> (artifact id: 'bf375beece755b2e3798df2ec7108d96') in 0.001591 seconds
Number of updated asset objects reloaded before import = 0
Number of asset objects unloaded after import = 1
========================================================================
Received Import Request.
  Time since last request: 0.000013 seconds.
  path: Assets/External Assets/TowerDefenseAssets/Characters/Warrior/Animations/Warrior_Gethit.fbx
  artifactKey: Guid(ff364b9c739cf4348b853c1de981d7c9) Importer(2089858483,0ecaa5967403d082aa24f35e1b516d23)
Start importing Assets/External Assets/TowerDefenseAssets/Characters/Warrior/Animations/Warrior_Gethit.fbx using Guid(ff364b9c739cf4348b853c1de981d7c9) Importer(2089858483,0ecaa5967403d082aa24f35e1b516d23)  -> (artifact id: 'eace93fc51ba7a9bda61db91e22fd8cb') in 0.028954 seconds
Number of updated asset objects reloaded before import = 0
Number of asset objects unloaded after import = 126
Editor requested this worker to shutdown with reason: Scaling down because of idle timeout
TcpMessagingSession - receive error: operation aborted. errorcode: 995, details: 스레드 종료 또는 응용 프로그램 요청 때문에 I/O 작업이 취소되었습니다.
AssetImportWorker is now disconnected from the server
Process exiting
Exiting without the bug reporter. Application will terminate with return code 0