Using pre-set license
Built from '2022.3/staging' branch; Version is '2022.3.4f1 (35713cd46cd7) revision 3502396'; Using compiler version '192829333'; Build Type 'Release'
OS: 'Windows 10  (10.0.19045) 64bit Professional' Language: 'ko' Physical Memory: 16281 MB
BatchMode: 1, IsHumanControllingUs: 0, StartBugReporterOnCrash: 0, Is64bit: 1, IsPro: 1

COMMAND LINE ARGUMENTS:
C:\Program Files\Unity\Hub\Editor\2022.3.4f1\Editor\Unity.exe
-adb2
-batchMode
-noUpm
-name
AssetImportWorker0
-projectPath
C:/Users/admin/Documents/GitHub/ReNewworkProject/ReNetworkProject
-logFile
Logs/AssetImportWorker0.log
-srvPort
52265
Successfully changed project path to: C:/Users/admin/Documents/GitHub/ReNewworkProject/ReNetworkProject
C:/Users/admin/Documents/GitHub/ReNewworkProject/ReNetworkProject
[UnityMemory] Configuration Parameters - Can be set up in boot.config
    "memorysetup-bucket-allocator-granularity=16"
    "memorysetup-bucket-allocator-bucket-count=8"
    "memorysetup-bucket-allocator-block-size=33554432"
    "memorysetup-bucket-allocator-block-count=8"
    "memorysetup-main-allocator-block-size=16777216"
    "memorysetup-thread-allocator-block-size=16777216"
    "memorysetup-gfx-main-allocator-block-size=16777216"
    "memorysetup-gfx-thread-allocator-block-size=16777216"
    "memorysetup-cache-allocator-block-size=4194304"
    "memorysetup-typetree-allocator-block-size=2097152"
    "memorysetup-profiler-bucket-allocator-granularity=16"
    "memorysetup-profiler-bucket-allocator-bucket-count=8"
    "memorysetup-profiler-bucket-allocator-block-size=33554432"
    "memorysetup-profiler-bucket-allocator-block-count=8"
    "memorysetup-profiler-allocator-block-size=16777216"
    "memorysetup-profiler-editor-allocator-block-size=1048576"
    "memorysetup-temp-allocator-size-main=16777216"
    "memorysetup-job-temp-allocator-block-size=2097152"
    "memorysetup-job-temp-allocator-block-size-background=1048576"
    "memorysetup-job-temp-allocator-reduction-small-platforms=262144"
    "memorysetup-allocator-temp-initial-block-size-main=262144"
    "memorysetup-allocator-temp-initial-block-size-worker=262144"
    "memorysetup-temp-allocator-size-background-worker=32768"
    "memorysetup-temp-allocator-size-job-worker=262144"
    "memorysetup-temp-allocator-size-preload-manager=33554432"
    "memorysetup-temp-allocator-size-nav-mesh-worker=65536"
    "memorysetup-temp-allocator-size-audio-worker=65536"
    "memorysetup-temp-allocator-size-cloud-worker=32768"
    "memorysetup-temp-allocator-size-gi-baking-worker=262144"
    "memorysetup-temp-allocator-size-gfx=262144"
Player connection [15056] Host "[IP] 192.168.200.74 [Port] 0 [Flags] 2 [Guid] 3468325540 [EditorId] 3468325540 [Version] 1048832 [Id] WindowsEditor(7,D-09) [Debug] 1 [PackageName] WindowsEditor [ProjectName] Editor" joined multi-casting on [225.0.0.222:54997]...

Player connection [15056] Host "[IP] 192.168.200.74 [Port] 0 [Flags] 2 [Guid] 3468325540 [EditorId] 3468325540 [Version] 1048832 [Id] WindowsEditor(7,D-09) [Debug] 1 [PackageName] WindowsEditor [ProjectName] Editor" joined alternative multi-casting on [225.0.0.222:34997]...

Refreshing native plugins compatible for Editor in 4.04 ms, found 3 plugins.
Preloading 0 native plugins for Editor in 0.00 ms.
Initialize engine version: 2022.3.4f1 (35713cd46cd7)
[Subsystems] Discovering subsystems at path C:/Program Files/Unity/Hub/Editor/2022.3.4f1/Editor/Data/Resources/UnitySubsystems
[Subsystems] Discovering subsystems at path C:/Users/admin/Documents/GitHub/ReNewworkProject/ReNetworkProject/Assets
GfxDevice: creating device client; threaded=0; jobified=0
Direct3D:
    Version:  Direct3D 11.0 [level 11.1]
    Renderer: NVIDIA GeForce GTX 1660 SUPER (ID=0x21c4)
    Vendor:   NVIDIA
    VRAM:     5980 MB
    Driver:   31.0.15.3179
Initialize mono
Mono path[0] = 'C:/Program Files/Unity/Hub/Editor/2022.3.4f1/Editor/Data/Managed'
Mono path[1] = 'C:/Program Files/Unity/Hub/Editor/2022.3.4f1/Editor/Data/MonoBleedingEdge/lib/mono/unityjit-win32'
Mono config path = 'C:/Program Files/Unity/Hub/Editor/2022.3.4f1/Editor/Data/MonoBleedingEdge/etc'
Using monoOptions --debugger-agent=transport=dt_socket,embedding=1,server=y,suspend=n,address=127.0.0.1:56276
Begin MonoManager ReloadAssembly
Registering precompiled unity dll's ...
Register platform support module: C:/Program Files/Unity/Hub/Editor/2022.3.4f1/Editor/Data/PlaybackEngines/AndroidPlayer/UnityEditor.Android.Extensions.dll
Register platform support module: C:/Program Files/Unity/Hub/Editor/2022.3.4f1/Editor/Data/PlaybackEngines/WindowsStandaloneSupport/UnityEditor.WindowsStandalone.Extensions.dll
Registered in 0.004611 seconds.
- Loaded All Assemblies, in  0.269 seconds
Native extension for WindowsStandalone target not found
Native extension for Android target not found
Android Extension - Scanning For ADB Devices 143 ms
Mono: successfully reloaded assembly
- Finished resetting the current domain, in  0.402 seconds
Domain Reload Profiling: 671ms
	BeginReloadAssembly (66ms)
		ExecutionOrderSort (0ms)
		DisableScriptedObjects (0ms)
		BackupInstance (0ms)
		ReleaseScriptingObjects (0ms)
		CreateAndSetChildDomain (1ms)
	RebuildCommonClasses (31ms)
	RebuildNativeTypeToScriptingClass (9ms)
	initialDomainReloadingComplete (43ms)
	LoadAllAssembliesAndSetupDomain (119ms)
		LoadAssemblies (65ms)
		RebuildTransferFunctionScriptingTraits (0ms)
		AnalyzeDomain (117ms)
			TypeCache.Refresh (116ms)
				TypeCache.ScanAssembly (106ms)
			ScanForSourceGeneratedMonoScriptInfo (0ms)
			ResolveRequiredComponents (0ms)
	FinalizeReload (402ms)
		ReleaseScriptCaches (0ms)
		RebuildScriptCaches (0ms)
		SetupLoadedEditorAssemblies (352ms)
			LogAssemblyErrors (0ms)
			InitializePlatformSupportModulesInManaged (231ms)
			SetLoadedEditorAssemblies (3ms)
			RefreshPlugins (0ms)
			BeforeProcessingInitializeOnLoad (2ms)
			ProcessInitializeOnLoadAttributes (80ms)
			ProcessInitializeOnLoadMethodAttributes (36ms)
			AfterProcessingInitializeOnLoad (0ms)
			EditorAssembliesLoaded (0ms)
		ExecutionOrderSort2 (0ms)
		AwakeInstancesAfterBackupRestoration (0ms)
========================================================================
Worker process is ready to serve import requests
Begin MonoManager ReloadAssembly
- Loaded All Assemblies, in  0.576 seconds
Refreshing native plugins compatible for Editor in 1.46 ms, found 3 plugins.
Native extension for WindowsStandalone target not found
Native extension for Android target not found
Package Manager log level set to [2]
[Package Manager] Server::EnsureServerProcessIsRunning -- launch failed, reason: Unity was launched with the -noUpm command-line argument
[Package Manager] UpmClient::Send -- Unable to send message (not connected to UPM process).
[Package Manager] Cannot connect to Unity Package Manager local server
Mono: successfully reloaded assembly
- Finished resetting the current domain, in  0.481 seconds
Domain Reload Profiling: 1057ms
	BeginReloadAssembly (103ms)
		ExecutionOrderSort (0ms)
		DisableScriptedObjects (5ms)
		BackupInstance (0ms)
		ReleaseScriptingObjects (0ms)
		CreateAndSetChildDomain (16ms)
	RebuildCommonClasses (27ms)
	RebuildNativeTypeToScriptingClass (9ms)
	initialDomainReloadingComplete (33ms)
	LoadAllAssembliesAndSetupDomain (404ms)
		LoadAssemblies (184ms)
		RebuildTransferFunctionScriptingTraits (0ms)
		AnalyzeDomain (267ms)
			TypeCache.Refresh (251ms)
				TypeCache.ScanAssembly (238ms)
			ScanForSourceGeneratedMonoScriptInfo (13ms)
			ResolveRequiredComponents (3ms)
	FinalizeReload (482ms)
		ReleaseScriptCaches (0ms)
		RebuildScriptCaches (0ms)
		SetupLoadedEditorAssemblies (358ms)
			LogAssemblyErrors (0ms)
			InitializePlatformSupportModulesInManaged (17ms)
			SetLoadedEditorAssemblies (4ms)
			RefreshPlugins (0ms)
			BeforeProcessingInitializeOnLoad (47ms)
			ProcessInitializeOnLoadAttributes (272ms)
			ProcessInitializeOnLoadMethodAttributes (15ms)
			AfterProcessingInitializeOnLoad (3ms)
			EditorAssembliesLoaded (0ms)
		ExecutionOrderSort2 (0ms)
		AwakeInstancesAfterBackupRestoration (4ms)
Launched and connected shader compiler UnityShaderCompiler.exe after 0.02 seconds
Refreshing native plugins compatible for Editor in 1.43 ms, found 3 plugins.
Preloading 0 native plugins for Editor in 0.00 ms.
Unloading 3459 Unused Serialized files (Serialized files now loaded: 0)
Unloading 38 unused Assets / (56.7 KB). Loaded Objects now: 3927.
Memory consumption went from 128.7 MB to 128.7 MB.
Total: 2.962100 ms (FindLiveObjects: 0.250500 ms CreateObjectMapping: 0.260800 ms MarkObjects: 2.353500 ms  DeleteObjects: 0.096700 ms)

AssetImportParameters requested are different than current active one (requested -> active):
  custom:container-demuxer-ogg: 62fdf1f143b41e24485cea50d1cbac27 -> 
  custom:video-decoder-ogg-theora: a1e56fd34408186e4bbccfd4996cb3dc -> 
  custom:framework-win-MediaFoundation: 216162199b28c13a410421893ffa2e32 -> 
  custom:container-demuxer-webm: 4f35f7cbe854078d1ac9338744f61a02 -> 
  custom:container-muxer-webm: aa71ff27fc2769a1b78a27578f13a17b -> 
  custom:video-decoder-webm-vp8: 9c59270c3fd7afecdb556c50c9e8de78 -> 
  custom:AudioImporter_EditorPlatform: d09bf68614088b80899f8185d706f6e7 -> 
  custom:video-encoder-webm-vp8: eb34c28f22e8b96e1ab97ce403110664 -> 
  custom:audio-decoder-ogg-vorbis: bf7c407c2cedff20999df2af8eb42d56 -> 
  custom:audio-encoder-webm-vorbis: bf7c407c2cedff20999df2af8eb42d56 -> 
========================================================================
Received Import Request.
  Time since last request: 2548.176950 seconds.
  path: Assets/Scenes/SampleScene/OcclusionCullingData.asset
  artifactKey: Guid(5509c6fbc140f0845bee1c959801a527) Importer(2089858483,0ecaa5967403d082aa24f35e1b516d23)
Start importing Assets/Scenes/SampleScene/OcclusionCullingData.asset using Guid(5509c6fbc140f0845bee1c959801a527) Importer(2089858483,0ecaa5967403d082aa24f35e1b516d23)  -> (artifact id: 'b1ecbfef886e048b39fa2e7b5daea76b') in 0.069540 seconds
Number of updated asset objects reloaded before import = 0
Number of asset objects unloaded after import = 1
========================================================================
Received Prepare
Refreshing native plugins compatible for Editor in 1.42 ms, found 3 plugins.
Preloading 0 native plugins for Editor in 0.00 ms.
Unloading 0 Unused Serialized files (Serialized files now loaded: 0)
Unloading 1 unused Assets / (0.8 KB). Loaded Objects now: 3927.
Memory consumption went from 73.1 MB to 73.1 MB.
Total: 2.519600 ms (FindLiveObjects: 0.258300 ms CreateObjectMapping: 0.218100 ms MarkObjects: 2.031000 ms  DeleteObjects: 0.011600 ms)

Prepare: number of updated asset objects reloaded= 0
AssetImportParameters requested are different than current active one (requested -> active):
  custom:container-demuxer-ogg: 62fdf1f143b41e24485cea50d1cbac27 -> 
  custom:video-decoder-ogg-theora: a1e56fd34408186e4bbccfd4996cb3dc -> 
  custom:framework-win-MediaFoundation: 216162199b28c13a410421893ffa2e32 -> 
  custom:CustomObjectIndexerAttribute: 756ad292c208cfabdd7b50bc23989ffe -> 
  custom:container-demuxer-webm: 4f35f7cbe854078d1ac9338744f61a02 -> 
  custom:container-muxer-webm: aa71ff27fc2769a1b78a27578f13a17b -> 
  custom:video-decoder-webm-vp8: 9c59270c3fd7afecdb556c50c9e8de78 -> 
  custom:SearchIndexIgnoredProperties: e643bd26f0fe6173181afceb89e7c659 -> 
  custom:AudioImporter_EditorPlatform: d09bf68614088b80899f8185d706f6e7 -> 
  custom:video-encoder-webm-vp8: eb34c28f22e8b96e1ab97ce403110664 -> 
  custom:audio-decoder-ogg-vorbis: bf7c407c2cedff20999df2af8eb42d56 -> 
  custom:audio-encoder-webm-vorbis: bf7c407c2cedff20999df2af8eb42d56 -> 
========================================================================
Received Import Request.
  Time since last request: 245.586782 seconds.
  path: Assets/External Assets/TowerDefenseAssets/Characters/Warrior/Animations/Controller/w_gethit.controller
  artifactKey: Guid(35e416de586453945ae68fe8a9bfd2f0) Importer(2089858483,0ecaa5967403d082aa24f35e1b516d23)
Start importing Assets/External Assets/TowerDefenseAssets/Characters/Warrior/Animations/Controller/w_gethit.controller using Guid(35e416de586453945ae68fe8a9bfd2f0) Importer(2089858483,0ecaa5967403d082aa24f35e1b516d23)  -> (artifact id: '7207874823a88ad70a2b481fda93ba2c') in 0.006220 seconds
Number of updated asset objects reloaded before import = 0
Number of asset objects unloaded after import = 7
========================================================================
Received Import Request.
  Time since last request: 0.000022 seconds.
  path: Assets/External Assets/TowerDefenseAssets/Characters/Warrior/Textures/TEX_Warrior_M.tif
  artifactKey: Guid(67a2fcb5836f03849a84ff6974b6cb0f) Importer(2089858483,0ecaa5967403d082aa24f35e1b516d23)
Start importing Assets/External Assets/TowerDefenseAssets/Characters/Warrior/Textures/TEX_Warrior_M.tif using Guid(67a2fcb5836f03849a84ff6974b6cb0f) Importer(2089858483,0ecaa5967403d082aa24f35e1b516d23)  -> (artifact id: '3ea3591dbda90e4664c0dfc55fd8ce50') in 0.045449 seconds
Number of updated asset objects reloaded before import = 0
Number of asset objects unloaded after import = 1
========================================================================
Received Import Request.
  Time since last request: 0.000022 seconds.
  path: Assets/External Assets/TowerDefenseAssets/Characters/Warrior/Warrior Red.prefab
  artifactKey: Guid(36e93c435d1648a4c86d516057a9cbe2) Importer(2089858483,0ecaa5967403d082aa24f35e1b516d23)
Start importing Assets/External Assets/TowerDefenseAssets/Characters/Warrior/Warrior Red.prefab using Guid(36e93c435d1648a4c86d516057a9cbe2) Importer(2089858483,0ecaa5967403d082aa24f35e1b516d23)  -> (artifact id: '4db99b85a4f9d74421bc721a068cc5f6') in 0.015378 seconds
Number of updated asset objects reloaded before import = 0
Number of asset objects unloaded after import = 138
========================================================================
Received Import Request.
  Time since last request: 0.000017 seconds.
  path: Assets/External Assets/TowerDefenseAssets/Characters/Warrior/Animations/Controller/w_attack.controller
  artifactKey: Guid(0d5f468ee9679f84c85d97781a5ec71a) Importer(2089858483,0ecaa5967403d082aa24f35e1b516d23)
Start importing Assets/External Assets/TowerDefenseAssets/Characters/Warrior/Animations/Controller/w_attack.controller using Guid(0d5f468ee9679f84c85d97781a5ec71a) Importer(2089858483,0ecaa5967403d082aa24f35e1b516d23)  -> (artifact id: '93cc959fff5d9751f67d284a5da77403') in 0.003080 seconds
Number of updated asset objects reloaded before import = 0
Number of asset objects unloaded after import = 7
========================================================================
Received Import Request.
  Time since last request: 0.000010 seconds.
  path: Assets/External Assets/TowerDefenseAssets/Characters/Warrior
  artifactKey: Guid(27fbedfd6e961b84896d0c278ed7a60f) Importer(2089858483,0ecaa5967403d082aa24f35e1b516d23)
Start importing Assets/External Assets/TowerDefenseAssets/Characters/Warrior using Guid(27fbedfd6e961b84896d0c278ed7a60f) Importer(2089858483,0ecaa5967403d082aa24f35e1b516d23)  -> (artifact id: 'a8926287f27b8afc5d961875b744c230') in 0.002939 seconds
Number of updated asset objects reloaded before import = 0
Number of asset objects unloaded after import = 1
========================================================================
Received Import Request.
  Time since last request: 0.000021 seconds.
  path: Assets/External Assets/TowerDefenseAssets/Characters/Warrior/Warrior Blue.prefab
  artifactKey: Guid(3d7094a1663ab0a44ab8e11c1defd922) Importer(2089858483,0ecaa5967403d082aa24f35e1b516d23)
Start importing Assets/External Assets/TowerDefenseAssets/Characters/Warrior/Warrior Blue.prefab using Guid(3d7094a1663ab0a44ab8e11c1defd922) Importer(2089858483,0ecaa5967403d082aa24f35e1b516d23)  -> (artifact id: '2e3e64d0de2bf827b18b45f65ee7f515') in 0.012532 seconds
Number of updated asset objects reloaded before import = 0
Number of asset objects unloaded after import = 279
========================================================================
Received Import Request.
  Time since last request: 0.000012 seconds.
  path: Assets/External Assets/TowerDefenseAssets/Characters/Warrior/Animations
  artifactKey: Guid(100f811004f0d60469104deec37cae4a) Importer(2089858483,0ecaa5967403d082aa24f35e1b516d23)
Start importing Assets/External Assets/TowerDefenseAssets/Characters/Warrior/Animations using Guid(100f811004f0d60469104deec37cae4a) Importer(2089858483,0ecaa5967403d082aa24f35e1b516d23)  -> (artifact id: 'ff45019a07478dcb6c0067e9cbd24ffd') in 0.002544 seconds
Number of updated asset objects reloaded before import = 0
Number of asset objects unloaded after import = 1
========================================================================
Received Import Request.
  Time since last request: 0.000016 seconds.
  path: Assets/External Assets/TowerDefenseAssets/Characters/Warrior/Animations/Controller/w_idle.controller
  artifactKey: Guid(7e60fc67b2fe3534abdb6cc62a7d1b67) Importer(2089858483,0ecaa5967403d082aa24f35e1b516d23)
Start importing Assets/External Assets/TowerDefenseAssets/Characters/Warrior/Animations/Controller/w_idle.controller using Guid(7e60fc67b2fe3534abdb6cc62a7d1b67) Importer(2089858483,0ecaa5967403d082aa24f35e1b516d23)  -> (artifact id: '0a9c33adc25542457e5ae4e213b5869f') in 0.003406 seconds
Number of updated asset objects reloaded before import = 0
Number of asset objects unloaded after import = 4
========================================================================
Received Import Request.
  Time since last request: 0.000013 seconds.
  path: Assets/External Assets/TowerDefenseAssets/Characters/Warrior/Animations/Warrior_attack.fbx
  artifactKey: Guid(5b28467562159df48affb3f414d8e8ea) Importer(2089858483,0ecaa5967403d082aa24f35e1b516d23)
Start importing Assets/External Assets/TowerDefenseAssets/Characters/Warrior/Animations/Warrior_attack.fbx using Guid(5b28467562159df48affb3f414d8e8ea) Importer(2089858483,0ecaa5967403d082aa24f35e1b516d23)  -> (artifact id: '76b8f14e05dd4986e1c1b7104f9cfe8c') in 0.041472 seconds
Number of updated asset objects reloaded before import = 0
Number of asset objects unloaded after import = 126
========================================================================
Received Import Request.
  Time since last request: 0.000012 seconds.
  path: Assets/External Assets/TowerDefenseAssets/Characters/Warrior/Animations/Warrior_die.fbx
  artifactKey: Guid(3097e307c4bd26d429d44f28d4682f9a) Importer(2089858483,0ecaa5967403d082aa24f35e1b516d23)
Start importing Assets/External Assets/TowerDefenseAssets/Characters/Warrior/Animations/Warrior_die.fbx using Guid(3097e307c4bd26d429d44f28d4682f9a) Importer(2089858483,0ecaa5967403d082aa24f35e1b516d23)  -> (artifact id: 'ac2019989430b48bb02744063c30e3b9') in 0.028014 seconds
Number of updated asset objects reloaded before import = 0
Number of asset objects unloaded after import = 126
========================================================================
Received Import Request.
  Time since last request: 0.000015 seconds.
  path: Assets/External Assets/TowerDefenseAssets/Characters/Warrior/Textures/TEX_Warrior_D.tif
  artifactKey: Guid(7daf17b184d342145bfbd9d311c8bf48) Importer(2089858483,0ecaa5967403d082aa24f35e1b516d23)
Start importing Assets/External Assets/TowerDefenseAssets/Characters/Warrior/Textures/TEX_Warrior_D.tif using Guid(7daf17b184d342145bfbd9d311c8bf48) Importer(2089858483,0ecaa5967403d082aa24f35e1b516d23)  -> (artifact id: 'b125b14269151004d7eeb7b7d0ade0a1') in 0.012898 seconds
Number of updated asset objects reloaded before import = 0
Number of asset objects unloaded after import = 1
========================================================================
Received Import Request.
  Time since last request: 0.000035 seconds.
  path: Assets/External Assets/TowerDefenseAssets/Characters/Warrior/Model/Warrior_bindpose.fbx
  artifactKey: Guid(9e52c160328d68b4799c73e4e5cd0ed7) Importer(2089858483,0ecaa5967403d082aa24f35e1b516d23)
Start importing Assets/External Assets/TowerDefenseAssets/Characters/Warrior/Model/Warrior_bindpose.fbx using Guid(9e52c160328d68b4799c73e4e5cd0ed7) Importer(2089858483,0ecaa5967403d082aa24f35e1b516d23)  -> (artifact id: '7b0a67822e1db39d9c90975599a33b85') in 0.020057 seconds
Number of updated asset objects reloaded before import = 0
Number of asset objects unloaded after import = 138
Editor requested this worker to shutdown with reason: Scaling down because of idle timeout
TcpMessagingSession - receive error: operation aborted. errorcode: 995, details: 스레드 종료 또는 응용 프로그램 요청 때문에 I/O 작업이 취소되었습니다.
AssetImportWorker is now disconnected from the server
Process exiting
Exiting without the bug reporter. Application will terminate with return code 0